<?xml version="1.0" encoding="UTF-8"?>
<!-- Generated by org.testng.reporters.JUnitXMLReporter -->
<testsuite ignored="0" hostname="DESKTOP-1I5V263" failures="0" tests="5" name="Default test" time="0.29" errors="0" timestamp="2024-10-13T22:26:55 IST">
  <testcase classname="testNG_Practise.Grouping1" name="TC1" time="0.03"/>
  <testcase classname="testNG_Practise.Grouping1" name="TC2" time="0.007"/>
  <testcase classname="testNG_Practise.Grouping1" name="TC3" time="0.008"/>
  <testcase classname="testNG_Practise.Grouping1" name="TC4" time="0.008"/>
  <testcase classname="testNG_Practise.Grouping1" name="TC5" time="0.007"/>
</testsuite> <!-- Default test -->
