<?xml version="1.0" encoding="UTF-8"?>
<!-- Generated by org.testng.reporters.JUnitXMLReporter -->
<testsuite ignored="4" hostname="DESKTOP-1I5V263" failures="0" tests="6" name="Test" time="0.33" errors="0" timestamp="2024-10-13T22:38:40 IST">
  <testcase classname="testNG_Practise.Grouping2" name="TC3" time="0.026"/>
  <testcase classname="testNG_Practise.Grouping2" name="TC4" time="0.007"/>
  <testcase classname="testNG_Practise.Grouping2" name="TC5" time="0.009"/>
  <testcase classname="testNG_Practise.Grouping1" name="TC3" time="0.006"/>
  <testcase classname="testNG_Practise.Grouping1" name="TC4" time="0.012"/>
  <testcase classname="testNG_Practise.Grouping1" name="TC5" time="0.011"/>
  <testcase classname="testNG_Practise.Grouping1" name="TC1" time="0.0">
    <ignored/>
  </testcase> <!-- TC1 -->
  <testcase classname="testNG_Practise.Grouping2" name="TC2" time="0.0">
    <ignored/>
  </testcase> <!-- TC2 -->
  <testcase classname="testNG_Practise.Grouping2" name="TC1" time="0.0">
    <ignored/>
  </testcase> <!-- TC1 -->
  <testcase classname="testNG_Practise.Grouping1" name="TC2" time="0.0">
    <ignored/>
  </testcase> <!-- TC2 -->
</testsuite> <!-- Test -->
