<?xml version="1.0" encoding="UTF-8"?>
<testng-results ignored="0" total="6" passed="6" failed="0" skipped="0">
  <reporter-output>
    <line>
      <![CDATA[running TC3...]]>
    </line>
    <line>
      <![CDATA[running TC4...]]>
    </line>
    <line>
      <![CDATA[running TC5...]]>
    </line>
    <line>
      <![CDATA[running TC3...]]>
    </line>
    <line>
      <![CDATA[running TC4...]]>
    </line>
    <line>
      <![CDATA[running TC5...]]>
    </line>
  </reporter-output>
  <suite started-at="2024-10-13T22:38:40 IST" name="Suite" finished-at="2024-10-13T22:38:40 IST" duration-ms="330">
    <groups>
      <group name="wishlist">
        <method signature="Grouping1.TC4()[pri:0, instance:testNG_Practise.Grouping1@cb0755b]" name="TC4" class="testNG_Practise.Grouping1"/>
        <method signature="Grouping1.TC5()[pri:0, instance:testNG_Practise.Grouping1@cb0755b]" name="TC5" class="testNG_Practise.Grouping1"/>
        <method signature="Grouping2.TC4()[pri:0, instance:testNG_Practise.Grouping2@58cbafc2]" name="TC4" class="testNG_Practise.Grouping2"/>
        <method signature="Grouping2.TC5()[pri:0, instance:testNG_Practise.Grouping2@58cbafc2]" name="TC5" class="testNG_Practise.Grouping2"/>
      </group> <!-- wishlist -->
      <group name="Login">
        <method signature="Grouping1.TC3()[pri:0, instance:testNG_Practise.Grouping1@cb0755b]" name="TC3" class="testNG_Practise.Grouping1"/>
        <method signature="Grouping2.TC3()[pri:0, instance:testNG_Practise.Grouping2@58cbafc2]" name="TC3" class="testNG_Practise.Grouping2"/>
      </group> <!-- Login -->
    </groups>
    <test started-at="2024-10-13T22:38:40 IST" name="Test" finished-at="2024-10-13T22:38:40 IST" duration-ms="330">
      <class name="testNG_Practise.Grouping2">
        <test-method signature="TC3()[pri:0, instance:testNG_Practise.Grouping2@58cbafc2]" started-at="2024-10-13T22:38:40 IST" name="TC3" finished-at="2024-10-13T22:38:40 IST" duration-ms="26" status="PASS">
          <reporter-output>
            <line>
              <![CDATA[running TC3...]]>
            </line>
          </reporter-output>
        </test-method> <!-- TC3 -->
        <test-method signature="TC4()[pri:0, instance:testNG_Practise.Grouping2@58cbafc2]" started-at="2024-10-13T22:38:40 IST" name="TC4" finished-at="2024-10-13T22:38:40 IST" duration-ms="7" status="PASS">
          <reporter-output>
            <line>
              <![CDATA[running TC4...]]>
            </line>
          </reporter-output>
        </test-method> <!-- TC4 -->
        <test-method signature="TC5()[pri:0, instance:testNG_Practise.Grouping2@58cbafc2]" started-at="2024-10-13T22:38:40 IST" name="TC5" finished-at="2024-10-13T22:38:40 IST" duration-ms="9" status="PASS">
          <reporter-output>
            <line>
              <![CDATA[running TC5...]]>
            </line>
          </reporter-output>
        </test-method> <!-- TC5 -->
      </class> <!-- testNG_Practise.Grouping2 -->
      <class name="testNG_Practise.Grouping1">
        <test-method signature="TC3()[pri:0, instance:testNG_Practise.Grouping1@cb0755b]" started-at="2024-10-13T22:38:40 IST" name="TC3" finished-at="2024-10-13T22:38:40 IST" duration-ms="6" status="PASS">
          <reporter-output>
            <line>
              <![CDATA[running TC3...]]>
            </line>
          </reporter-output>
        </test-method> <!-- TC3 -->
        <test-method signature="TC4()[pri:0, instance:testNG_Practise.Grouping1@cb0755b]" started-at="2024-10-13T22:38:40 IST" name="TC4" finished-at="2024-10-13T22:38:40 IST" duration-ms="12" status="PASS">
          <reporter-output>
            <line>
              <![CDATA[running TC4...]]>
            </line>
          </reporter-output>
        </test-method> <!-- TC4 -->
        <test-method signature="TC5()[pri:0, instance:testNG_Practise.Grouping1@cb0755b]" started-at="2024-10-13T22:38:40 IST" name="TC5" finished-at="2024-10-13T22:38:40 IST" duration-ms="11" status="PASS">
          <reporter-output>
            <line>
              <![CDATA[running TC5...]]>
            </line>
          </reporter-output>
        </test-method> <!-- TC5 -->
      </class> <!-- testNG_Practise.Grouping1 -->
    </test> <!-- Test -->
  </suite> <!-- Suite -->
</testng-results>
